<?xml version="1.0" encoding="UTF-8" standalone="yes"?><!DOCTYPE report PUBLIC "-//JACOCO//DTD Report 1.1//EN" "report.dtd"><report name="resources-extension"><sessioninfo id="kama-mac.local.soebes.team-d396688" start="1624564814977" dump="1624564815789"/><package name="com/soebes/junit/jupiter/resources"><class name="com/soebes/junit/jupiter/resources/ResourceContentLines" sourcefilename="ResourceContentLines.java"><method name="&lt;init&gt;" desc="(Ljava/util/List;)V" line="36"><counter type="INSTRUCTION" missed="0" covered="6"/><counter type="LINE" missed="0" covered="3"/><counter type="COMPLEXITY" missed="0" covered="1"/><counter type="METHOD" missed="0" covered="1"/></method><method name="getContent" desc="()Ljava/util/List;" line="42"><counter type="INSTRUCTION" missed="0" covered="3"/><counter type="LINE" missed="0" covered="1"/><counter type="COMPLEXITY" missed="0" covered="1"/><counter type="METHOD" missed="0" covered="1"/></method><counter type="INSTRUCTION" missed="0" covered="9"/><counter type="LINE" missed="0" covered="4"/><counter type="COMPLEXITY" missed="0" covered="2"/><counter type="METHOD" missed="0" covered="2"/><counter type="CLASS" missed="0" covered="1"/></class><class name="com/soebes/junit/jupiter/resources/ResourceNotFoundException" sourcefilename="ResourceNotFoundException.java"><method name="&lt;init&gt;" desc="()V" line="35"><counter type="INSTRUCTION" missed="3" covered="0"/><counter type="LINE" missed="2" covered="0"/><counter type="COMPLEXITY" missed="1" covered="0"/><counter type="METHOD" missed="1" covered="0"/></method><method name="&lt;init&gt;" desc="(Ljava/lang/String;)V" line="39"><counter type="INSTRUCTION" missed="0" covered="4"/><counter type="LINE" missed="0" covered="2"/><counter type="COMPLEXITY" missed="0" covered="1"/><counter type="METHOD" missed="0" covered="1"/></method><method name="&lt;init&gt;" desc="(Ljava/lang/String;Ljava/lang/Throwable;)V" line="43"><counter type="INSTRUCTION" missed="5" covered="0"/><counter type="LINE" missed="2" covered="0"/><counter type="COMPLEXITY" missed="1" covered="0"/><counter type="METHOD" missed="1" covered="0"/></method><method name="&lt;init&gt;" desc="(Ljava/lang/Throwable;)V" line="47"><counter type="INSTRUCTION" missed="4" covered="0"/><counter type="LINE" missed="2" covered="0"/><counter type="COMPLEXITY" missed="1" covered="0"/><counter type="METHOD" missed="1" covered="0"/></method><method name="&lt;init&gt;" desc="(Ljava/lang/String;Ljava/lang/Throwable;ZZ)V" line="51"><counter type="INSTRUCTION" missed="7" covered="0"/><counter type="LINE" missed="2" covered="0"/><counter type="COMPLEXITY" missed="1" covered="0"/><counter type="METHOD" missed="1" covered="0"/></method><counter type="INSTRUCTION" missed="19" covered="4"/><counter type="LINE" missed="8" covered="2"/><counter type="COMPLEXITY" missed="4" covered="1"/><counter type="METHOD" missed="4" covered="1"/><counter type="CLASS" missed="0" covered="1"/></class><class name="com/soebes/junit/jupiter/resources/ResourceRead" sourcefilename="ResourceRead.java"/><class name="com/soebes/junit/jupiter/resources/ResourceContentString" sourcefilename="ResourceContentString.java"><method name="&lt;init&gt;" desc="(Ljava/lang/String;)V" line="36"><counter type="INSTRUCTION" missed="0" covered="6"/><counter type="LINE" missed="0" covered="3"/><counter type="COMPLEXITY" missed="0" covered="1"/><counter type="METHOD" missed="0" covered="1"/></method><method name="getContent" desc="()Ljava/lang/String;" line="42"><counter type="INSTRUCTION" missed="0" covered="3"/><counter type="LINE" missed="0" covered="1"/><counter type="COMPLEXITY" missed="0" covered="1"/><counter type="METHOD" missed="0" covered="1"/></method><counter type="INSTRUCTION" missed="0" covered="9"/><counter type="LINE" missed="0" covered="4"/><counter type="COMPLEXITY" missed="0" covered="2"/><counter type="METHOD" missed="0" covered="2"/><counter type="CLASS" missed="0" covered="1"/></class><class name="com/soebes/junit/jupiter/resources/ResourcePath" sourcefilename="ResourcePath.java"><method name="&lt;init&gt;" desc="(Ljava/lang/ClassLoader;)V" line="43"><counter type="INSTRUCTION" missed="0" covered="6"/><counter type="LINE" missed="0" covered="3"/><counter type="COMPLEXITY" missed="0" covered="1"/><counter type="METHOD" missed="0" covered="1"/></method><method name="getClassLoader" desc="()Ljava/lang/ClassLoader;" line="48"><counter type="INSTRUCTION" missed="3" covered="0"/><counter type="LINE" missed="1" covered="0"/><counter type="COMPLEXITY" missed="1" covered="0"/><counter type="METHOD" missed="1" covered="0"/></method><method name="get" desc="(Ljava/lang/String;)Ljava/nio/file/Path;" line="57"><counter type="INSTRUCTION" missed="0" covered="25"/><counter type="BRANCH" missed="0" covered="2"/><counter type="LINE" missed="0" covered="4"/><counter type="COMPLEXITY" missed="0" covered="2"/><counter type="METHOD" missed="0" covered="1"/></method><method name="lines" desc="(Ljava/lang/String;)Ljava/util/stream/Stream;" line="65"><counter type="INSTRUCTION" missed="40" covered="0"/><counter type="BRANCH" missed="2" covered="0"/><counter type="LINE" missed="6" covered="0"/><counter type="COMPLEXITY" missed="2" covered="0"/><counter type="METHOD" missed="1" covered="0"/></method><method name="lines" desc="(Ljava/lang/String;Ljava/nio/charset/Charset;)Ljava/util/stream/Stream;" line="77"><counter type="INSTRUCTION" missed="41" covered="0"/><counter type="BRANCH" missed="2" covered="0"/><counter type="LINE" missed="6" covered="0"/><counter type="COMPLEXITY" missed="2" covered="0"/><counter type="METHOD" missed="1" covered="0"/></method><method name="readAllLines" desc="(Ljava/lang/String;)Ljava/util/List;" line="89"><counter type="INSTRUCTION" missed="40" covered="0"/><counter type="BRANCH" missed="2" covered="0"/><counter type="LINE" missed="6" covered="0"/><counter type="COMPLEXITY" missed="2" covered="0"/><counter type="METHOD" missed="1" covered="0"/></method><method name="readAllLines" desc="(Ljava/lang/String;Ljava/nio/charset/Charset;)Ljava/util/List;" line="101"><counter type="INSTRUCTION" missed="41" covered="0"/><counter type="BRANCH" missed="2" covered="0"/><counter type="LINE" missed="6" covered="0"/><counter type="COMPLEXITY" missed="2" covered="0"/><counter type="METHOD" missed="1" covered="0"/></method><method name="readAllBytes" desc="(Ljava/lang/String;)[B" line="113"><counter type="INSTRUCTION" missed="40" covered="0"/><counter type="BRANCH" missed="2" covered="0"/><counter type="LINE" missed="6" covered="0"/><counter type="COMPLEXITY" missed="2" covered="0"/><counter type="METHOD" missed="1" covered="0"/></method><counter type="INSTRUCTION" missed="205" covered="31"/><counter type="BRANCH" missed="10" covered="2"/><counter type="LINE" missed="31" covered="7"/><counter type="COMPLEXITY" missed="11" covered="3"/><counter type="METHOD" missed="6" covered="2"/><counter type="CLASS" missed="0" covered="1"/></class><class name="com/soebes/junit/jupiter/resources/TestResourceExtension" sourcefilename="TestResourceExtension.java"><method name="&lt;init&gt;" desc="()V" line="37"><counter type="INSTRUCTION" missed="0" covered="3"/><counter type="LINE" missed="0" covered="1"/><counter type="COMPLEXITY" missed="0" covered="1"/><counter type="METHOD" missed="0" covered="1"/></method><method name="supportsParameter" desc="(Lorg/junit/jupiter/api/extension/ParameterContext;Lorg/junit/jupiter/api/extension/ExtensionContext;)Z" line="43"><counter type="INSTRUCTION" missed="2" covered="26"/><counter type="BRANCH" missed="1" covered="7"/><counter type="LINE" missed="1" covered="7"/><counter type="COMPLEXITY" missed="1" covered="4"/><counter type="METHOD" missed="0" covered="1"/></method><method name="readResource" desc="(Ljava/lang/ClassLoader;Ljava/lang/String;)Ljava/util/List;" line="61"><counter type="INSTRUCTION" missed="26" covered="13"/><counter type="BRANCH" missed="1" covered="1"/><counter type="LINE" missed="3" covered="3"/><counter type="COMPLEXITY" missed="1" covered="1"/><counter type="METHOD" missed="0" covered="1"/></method><method name="readResourceAsString" desc="(Ljava/lang/ClassLoader;Ljava/lang/String;)Ljava/lang/String;" line="74"><counter type="INSTRUCTION" missed="26" covered="16"/><counter type="BRANCH" missed="1" covered="1"/><counter type="LINE" missed="3" covered="3"/><counter type="COMPLEXITY" missed="1" covered="1"/><counter type="METHOD" missed="0" covered="1"/></method><method name="resolveParameter" desc="(Lorg/junit/jupiter/api/extension/ParameterContext;Lorg/junit/jupiter/api/extension/ExtensionContext;)Ljava/lang/Object;" line="90"><counter type="INSTRUCTION" missed="7" covered="94"/><counter type="BRANCH" missed="3" covered="15"/><counter type="LINE" missed="2" covered="17"/><counter type="COMPLEXITY" missed="3" covered="7"/><counter type="METHOD" missed="0" covered="1"/></method><counter type="INSTRUCTION" missed="61" covered="152"/><counter type="BRANCH" missed="6" covered="24"/><counter type="LINE" missed="9" covered="31"/><counter type="COMPLEXITY" missed="6" covered="14"/><counter type="METHOD" missed="0" covered="5"/><counter type="CLASS" missed="0" covered="1"/></class><class name="com/soebes/junit/jupiter/resources/ResourceFile" sourcefilename="ResourceFile.java"><method name="&lt;init&gt;" desc="(Ljava/lang/ClassLoader;)V" line="37"><counter type="INSTRUCTION" missed="0" covered="6"/><counter type="LINE" missed="0" covered="3"/><counter type="COMPLEXITY" missed="0" covered="1"/><counter type="METHOD" missed="0" covered="1"/></method><method name="getClassLoader" desc="()Ljava/lang/ClassLoader;" line="42"><counter type="INSTRUCTION" missed="0" covered="3"/><counter type="LINE" missed="0" covered="1"/><counter type="COMPLEXITY" missed="0" covered="1"/><counter type="METHOD" missed="0" covered="1"/></method><method name="get" desc="(Ljava/lang/String;)Ljava/io/File;" line="51"><counter type="INSTRUCTION" missed="0" covered="25"/><counter type="BRANCH" missed="0" covered="2"/><counter type="LINE" missed="0" covered="4"/><counter type="COMPLEXITY" missed="0" covered="2"/><counter type="METHOD" missed="0" covered="1"/></method><counter type="INSTRUCTION" missed="0" covered="34"/><counter type="BRANCH" missed="0" covered="2"/><counter type="LINE" missed="0" covered="8"/><counter type="COMPLEXITY" missed="0" covered="4"/><counter type="METHOD" missed="0" covered="3"/><counter type="CLASS" missed="0" covered="1"/></class><class name="com/soebes/junit/jupiter/resources/TestResources" sourcefilename="TestResources.java"/><sourcefile name="ResourceNotFoundException.java"><line nr="35" mi="2" ci="0" mb="0" cb="0"/><line nr="36" mi="1" ci="0" mb="0" cb="0"/><line nr="39" mi="0" ci="3" mb="0" cb="0"/><line nr="40" mi="0" ci="1" mb="0" cb="0"/><line nr="43" mi="4" ci="0" mb="0" cb="0"/><line nr="44" mi="1" ci="0" mb="0" cb="0"/><line nr="47" mi="3" ci="0" mb="0" cb="0"/><line nr="48" mi="1" ci="0" mb="0" cb="0"/><line nr="51" mi="6" ci="0" mb="0" cb="0"/><line nr="52" mi="1" ci="0" mb="0" cb="0"/><counter type="INSTRUCTION" missed="19" covered="4"/><counter type="LINE" missed="8" covered="2"/><counter type="COMPLEXITY" missed="4" covered="1"/><counter type="METHOD" missed="4" covered="1"/><counter type="CLASS" missed="0" covered="1"/></sourcefile><sourcefile name="TestResourceExtension.java"><line nr="37" mi="0" ci="3" mb="0" cb="0"/><line nr="43" mi="0" ci="4" mb="0" cb="0"/><line nr="46" mi="0" ci="8" mb="0" cb="4"/><line nr="47" mi="0" ci="2" mb="0" cb="0"/><line nr="50" mi="0" ci="4" mb="0" cb="2"/><line nr="51" mi="0" ci="2" mb="0" cb="0"/><line nr="53" mi="0" ci="4" mb="1" cb="1"/><line nr="54" mi="0" ci="2" mb="0" cb="0"/><line nr="57" mi="2" ci="0" mb="0" cb="0"/><line nr="61" mi="0" ci="4" mb="0" cb="0"/><line nr="62" mi="0" ci="2" mb="1" cb="1"/><line nr="63" mi="12" ci="0" mb="0" cb="0"/><line nr="66" mi="0" ci="7" mb="0" cb="0"/><line nr="67" mi="1" ci="0" mb="0" cb="0"/><line nr="68" mi="13" ci="0" mb="0" cb="0"/><line nr="74" mi="0" ci="4" mb="0" cb="0"/><line nr="75" mi="0" ci="2" mb="1" cb="1"/><line nr="76" mi="12" ci="0" mb="0" cb="0"/><line nr="79" mi="0" ci="10" mb="0" cb="0"/><line nr="80" mi="1" ci="0" mb="0" cb="0"/><line nr="81" mi="13" ci="0" mb="0" cb="0"/><line nr="90" mi="0" ci="5" mb="0" cb="0"/><line nr="92" mi="0" ci="4" mb="0" cb="0"/><line nr="93" mi="0" ci="8" mb="0" cb="4"/><line nr="94" mi="0" ci="3" mb="0" cb="0"/><line nr="97" mi="0" ci="9" mb="1" cb="3"/><line nr="99" mi="5" ci="0" mb="0" cb="0"/><line nr="103" mi="0" ci="5" mb="0" cb="2"/><line nr="104" mi="0" ci="7" mb="0" cb="0"/><line nr="106" mi="0" ci="5" mb="0" cb="0"/><line nr="109" mi="0" ci="8" mb="1" cb="3"/><line nr="110" mi="0" ci="6" mb="0" cb="0"/><line nr="111" mi="0" ci="5" mb="0" cb="0"/><line nr="113" mi="0" ci="6" mb="0" cb="0"/><line nr="114" mi="0" ci="5" mb="0" cb="0"/><line nr="118" mi="0" ci="4" mb="0" cb="2"/><line nr="119" mi="0" ci="5" mb="0" cb="0"/><line nr="121" mi="0" ci="4" mb="1" cb="1"/><line nr="122" mi="0" ci="5" mb="0" cb="0"/><line nr="124" mi="2" ci="0" mb="0" cb="0"/><counter type="INSTRUCTION" missed="61" covered="152"/><counter type="BRANCH" missed="6" covered="24"/><counter type="LINE" missed="9" covered="31"/><counter type="COMPLEXITY" missed="6" covered="14"/><counter type="METHOD" missed="0" covered="5"/><counter type="CLASS" missed="0" covered="1"/></sourcefile><sourcefile name="ResourceFile.java"><line nr="37" mi="0" ci="2" mb="0" cb="0"/><line nr="38" mi="0" ci="3" mb="0" cb="0"/><line nr="39" mi="0" ci="1" mb="0" cb="0"/><line nr="42" mi="0" ci="3" mb="0" cb="0"/><line nr="51" mi="0" ci="5" mb="0" cb="0"/><line nr="52" mi="0" ci="2" mb="0" cb="2"/><line nr="53" mi="0" ci="12" mb="0" cb="0"/><line nr="55" mi="0" ci="6" mb="0" cb="0"/><counter type="INSTRUCTION" missed="0" covered="34"/><counter type="BRANCH" missed="0" covered="2"/><counter type="LINE" missed="0" covered="8"/><counter type="COMPLEXITY" missed="0" covered="4"/><counter type="METHOD" missed="0" covered="3"/><counter type="CLASS" missed="0" covered="1"/></sourcefile><sourcefile name="ResourceContentString.java"><line nr="36" mi="0" ci="2" mb="0" cb="0"/><line nr="37" mi="0" ci="3" mb="0" cb="0"/><line nr="39" mi="0" ci="1" mb="0" cb="0"/><line nr="42" mi="0" ci="3" mb="0" cb="0"/><counter type="INSTRUCTION" missed="0" covered="9"/><counter type="LINE" missed="0" covered="4"/><counter type="COMPLEXITY" missed="0" covered="2"/><counter type="METHOD" missed="0" covered="2"/><counter type="CLASS" missed="0" covered="1"/></sourcefile><sourcefile name="TestResources.java"/><sourcefile name="ResourceRead.java"/><sourcefile name="ResourcePath.java"><line nr="43" mi="0" ci="2" mb="0" cb="0"/><line nr="44" mi="0" ci="3" mb="0" cb="0"/><line nr="45" mi="0" ci="1" mb="0" cb="0"/><line nr="48" mi="3" ci="0" mb="0" cb="0"/><line nr="57" mi="0" ci="5" mb="0" cb="0"/><line nr="58" mi="0" ci="2" mb="0" cb="2"/><line nr="59" mi="0" ci="12" mb="0" cb="0"/><line nr="61" mi="0" ci="6" mb="0" cb="0"/><line nr="65" mi="5" ci="0" mb="0" cb="0"/><line nr="66" mi="2" ci="0" mb="2" cb="0"/><line nr="67" mi="12" ci="0" mb="0" cb="0"/><line nr="70" mi="7" ci="0" mb="0" cb="0"/><line nr="71" mi="1" ci="0" mb="0" cb="0"/><line nr="72" mi="13" ci="0" mb="0" cb="0"/><line nr="77" mi="5" ci="0" mb="0" cb="0"/><line nr="78" mi="2" ci="0" mb="2" cb="0"/><line nr="79" mi="12" ci="0" mb="0" cb="0"/><line nr="82" mi="8" ci="0" mb="0" cb="0"/><line nr="83" mi="1" ci="0" mb="0" cb="0"/><line nr="84" mi="13" ci="0" mb="0" cb="0"/><line nr="89" mi="5" ci="0" mb="0" cb="0"/><line nr="90" mi="2" ci="0" mb="2" cb="0"/><line nr="91" mi="12" ci="0" mb="0" cb="0"/><line nr="94" mi="7" ci="0" mb="0" cb="0"/><line nr="95" mi="1" ci="0" mb="0" cb="0"/><line nr="96" mi="13" ci="0" mb="0" cb="0"/><line nr="101" mi="5" ci="0" mb="0" cb="0"/><line nr="102" mi="2" ci="0" mb="2" cb="0"/><line nr="103" mi="12" ci="0" mb="0" cb="0"/><line nr="106" mi="8" ci="0" mb="0" cb="0"/><line nr="107" mi="1" ci="0" mb="0" cb="0"/><line nr="108" mi="13" ci="0" mb="0" cb="0"/><line nr="113" mi="5" ci="0" mb="0" cb="0"/><line nr="114" mi="2" ci="0" mb="2" cb="0"/><line nr="115" mi="12" ci="0" mb="0" cb="0"/><line nr="118" mi="7" ci="0" mb="0" cb="0"/><line nr="119" mi="1" ci="0" mb="0" cb="0"/><line nr="120" mi="13" ci="0" mb="0" cb="0"/><counter type="INSTRUCTION" missed="205" covered="31"/><counter type="BRANCH" missed="10" covered="2"/><counter type="LINE" missed="31" covered="7"/><counter type="COMPLEXITY" missed="11" covered="3"/><counter type="METHOD" missed="6" covered="2"/><counter type="CLASS" missed="0" covered="1"/></sourcefile><sourcefile name="ResourceContentLines.java"><line nr="36" mi="0" ci="2" mb="0" cb="0"/><line nr="37" mi="0" ci="3" mb="0" cb="0"/><line nr="39" mi="0" ci="1" mb="0" cb="0"/><line nr="42" mi="0" ci="3" mb="0" cb="0"/><counter type="INSTRUCTION" missed="0" covered="9"/><counter type="LINE" missed="0" covered="4"/><counter type="COMPLEXITY" missed="0" covered="2"/><counter type="METHOD" missed="0" covered="2"/><counter type="CLASS" missed="0" covered="1"/></sourcefile><counter type="INSTRUCTION" missed="285" covered="239"/><counter type="BRANCH" missed="16" covered="28"/><counter type="LINE" missed="48" covered="56"/><counter type="COMPLEXITY" missed="21" covered="26"/><counter type="METHOD" missed="10" covered="15"/><counter type="CLASS" missed="0" covered="6"/></package><counter type="INSTRUCTION" missed="285" covered="239"/><counter type="BRANCH" missed="16" covered="28"/><counter type="LINE" missed="48" covered="56"/><counter type="COMPLEXITY" missed="21" covered="26"/><counter type="METHOD" missed="10" covered="15"/><counter type="CLASS" missed="0" covered="6"/></report>